<?xml version="1.0" encoding="UTF-8"?>
<!-- Generated by org.testng.reporters.JUnitReportReporter -->
<testsuite skipped="0" hostname="SAMEERA" name="combyne_LoginFunctionality.LoginScripts" tests="11" failures="0" timestamp="2020-11-16T00:53:15 EST" time="144.801" errors="0">
  <testcase name="test1" time="13.434" classname="combyne_LoginFunctionality.LoginScripts"/>
  <system-out/>
  <testcase name="test2" time="12.902" classname="combyne_LoginFunctionality.LoginScripts"/>
  <system-out/>
  <testcase name="test4" time="12.940" classname="combyne_LoginFunctionality.LoginScripts"/>
  <system-out/>
  <testcase name="test5" time="12.003" classname="combyne_LoginFunctionality.LoginScripts"/>
  <system-out/>
  <testcase name="test6" time="12.914" classname="combyne_LoginFunctionality.LoginScripts"/>
  <system-out/>
  <testcase name="test8" time="20.383" classname="combyne_LoginFunctionality.LoginScripts"/>
  <system-out/>
  <testcase name="test9" time="12.406" classname="combyne_LoginFunctionality.LoginScripts"/>
  <system-out/>
  <testcase name="test10" time="10.146" classname="combyne_LoginFunctionality.LoginScripts"/>
  <system-out/>
  <testcase name="test11" time="12.689" classname="combyne_LoginFunctionality.LoginScripts"/>
  <system-out/>
  <testcase name="test12" time="12.446" classname="combyne_LoginFunctionality.LoginScripts"/>
  <system-out/>
  <testcase name="test16" time="12.538" classname="combyne_LoginFunctionality.LoginScripts"/>
  <system-out/>
</testsuite> <!-- combyne_LoginFunctionality.LoginScripts -->
